Log file open, 08/30/18 16:57:06
LogWindows: Failed to load 'aqProf.dll' (GetLastError=126)
LogWindows: File 'aqProf.dll' does not exist
LogWindows: Failed to load 'VtuneApi.dll' (GetLastError=126)
LogWindows: File 'VtuneApi.dll' does not exist
LogWindows: Failed to load 'VtuneApi32e.dll' (GetLastError=126)
LogWindows: File 'VtuneApi32e.dll' does not exist
LogPlatformFile: Not using cached read wrapper
LogInit: Display: RandInit(-772941551) SRandInit(-772941551).
LogTaskGraph: Started task graph with 5 named threads and 23 total threads with 3 sets of task threads.
LogStats: Stats thread started at 1.030651
LogD3D11RHI: Aftermath initialized
LogICUInternationalization: Display: ICU TimeZone Detection - Raw Offset: +1:00, Platform Override: ''
LogPluginManager: Mounting plugin Paper2D
LogPluginManager: Mounting plugin LiveLink
LogPluginManager: Mounting plugin LightPropagationVolume
LogPluginManager: Mounting plugin CLionSourceCodeAccess
LogPluginManager: Mounting plugin CodeLiteSourceCodeAccess
LogPluginManager: Mounting plugin GitSourceControl
LogPluginManager: Mounting plugin KDevelopSourceCodeAccess
LogPluginManager: Mounting plugin NullSourceCodeAccess
LogPluginManager: Mounting plugin PerforceSourceControl
LogPluginManager: Mounting plugin SubversionSourceControl
LogPluginManager: Mounting plugin UObjectPlugin
LogPluginManager: Mounting plugin VisualStudioCodeSourceCodeAccess
LogPluginManager: Mounting plugin VisualStudioSourceCodeAccess
LogPluginManager: Mounting plugin XCodeSourceCodeAccess
LogPluginManager: Mounting plugin AssetManagerEditor
LogPluginManager: Mounting plugin CryptoKeys
LogPluginManager: Mounting plugin DataValidation
LogPluginManager: Mounting plugin FacialAnimation
LogPluginManager: Mounting plugin GameplayTagsEditor
LogPluginManager: Mounting plugin MobileLauncherProfileWizard
LogPluginManager: Mounting plugin PluginBrowser
LogPluginManager: Mounting plugin SpeedTreeImporter
LogPluginManager: Mounting plugin DatasmithContent
LogPluginManager: Mounting plugin AlembicImporter
LogPluginManager: Mounting plugin CharacterAI
LogPluginManager: Mounting plugin HTML5Networking
LogPluginManager: Mounting plugin AndroidMedia
LogPluginManager: Mounting plugin AvfMedia
LogPluginManager: Mounting plugin ImgMedia
LogPluginManager: Mounting plugin LinearTimecode
LogPluginManager: Mounting plugin MediaCompositing
LogPluginManager: Mounting plugin MediaPlayerEditor
LogPluginManager: Mounting plugin WmfMedia
LogPluginManager: Mounting plugin TcpMessaging
LogPluginManager: Mounting plugin UdpMessaging
LogPluginManager: Mounting plugin ActorSequence
LogPluginManager: Mounting plugin LevelSequenceEditor
LogPluginManager: Mounting plugin MatineeToLevelSequence
LogPluginManager: Mounting plugin NetcodeUnitTest
LogPluginManager: Mounting plugin NUTUnrealEngine4
LogPluginManager: Mounting plugin OnlineSubsystem
LogPluginManager: Mounting plugin OnlineSubsystemNull
LogPluginManager: Mounting plugin OnlineSubsystemUtils
LogPluginManager: Mounting plugin AndroidDeviceProfileSelector
LogPluginManager: Mounting plugin AndroidMoviePlayer
LogPluginManager: Mounting plugin AndroidPermission
LogPluginManager: Mounting plugin AppleARKit
LogPluginManager: Mounting plugin AppleMoviePlayer
LogPluginManager: Mounting plugin ArchVisCharacter
LogPluginManager: Mounting plugin AudioCapture
LogPluginManager: Mounting plugin CableComponent
LogPluginManager: Mounting plugin CustomMeshComponent
LogPluginManager: Mounting plugin ExampleDeviceProfileSelector
LogPluginManager: Mounting plugin GoogleCloudMessaging
LogPluginManager: Mounting plugin ImmediatePhysics
LogPluginManager: Mounting plugin IOSDeviceProfileSelector
LogPluginManager: Mounting plugin LinuxDeviceProfileSelector
LogPluginManager: Mounting plugin LocationServicesBPLibrary
LogPluginManager: Mounting plugin MobilePatchingUtils
LogPluginManager: Mounting plugin OculusVR
LogPluginManager: Plugin shader directory C:/Program Files/Epic Games/UE_4.19/Engine/Plugins/Runtime/Oculus/OculusVR/Shaders found
LogPluginManager: Mapping shader source directory C:/Program Files/Epic Games/UE_4.19/Engine/Plugins/Runtime/Oculus/OculusVR/Shaders to virtual directory /Plugin/OculusVR
LogPluginManager: Mounting plugin PhysXVehicles
LogPluginManager: Mounting plugin ProceduralMeshComponent
LogPluginManager: Mounting plugin RuntimePhysXCooking
LogPluginManager: Mounting plugin SteamVR
LogPluginManager: Mounting plugin WindowsMoviePlayer
LogStreaming: Display: Took  0.047s to configure plugins.
LogInit: Using libcurl 7.47.1
LogInit:  - built for x86_64-pc-win32
LogInit:  - supports SSL with OpenSSL/1.0.2g
LogInit:  - supports HTTP deflate (compression) using libz 1.2.8
LogInit:  - other features:
LogInit:      CURL_VERSION_SSL
LogInit:      CURL_VERSION_LIBZ
LogInit:      CURL_VERSION_IPV6
LogInit:      CURL_VERSION_ASYNCHDNS
LogInit:      CURL_VERSION_LARGEFILE
LogInit:      CURL_VERSION_IDN
LogInit:  CurlRequestOptions (configurable via config and command line):
LogInit:  - bVerifyPeer = false  - Libcurl will NOT verify peer certificate
LogInit:  - bUseHttpProxy = false  - Libcurl will NOT use HTTP proxy
LogInit:  - bDontReuseConnections = false  - Libcurl will reuse connections
LogInit:  - CertBundlePath = nullptr  - Libcurl will use whatever was configured at build time.
LogInit:  - MaxHostConnections = 16  - Libcurl will limit the number of connections to a host
LogInit:  - LocalHostAddr = Default
LogInit: WinSock: version 1.1 (2.2), MaxSocks=32767, MaxUdp=65467
LogInit: WinSock: I am DESKTOP-CA5EM89 (192.168.1.33:0)
LogInit: Build: ++UE4+Release-4.19-CL-4033788
LogInit: Engine Version: 4.19.2-4033788+++UE4+Release-4.19
LogInit: Compatible Engine Version: 4.19.0-3944462+++UE4+Release-4.19
LogInit: Net CL: 3944462
LogDevObjectVersion: Number of dev versions registered: 18
LogDevObjectVersion:   Dev-Blueprints (B0D832E4-1F89-4F0D-ACCF-7EB736FD4AA2): 10
LogDevObjectVersion:   Dev-Build (E1C64328-A22C-4D53-A36C-8E866417BD8C): 0
LogDevObjectVersion:   Dev-Core (375EC13C-06E4-48FB-B500-84F0262A717E): 2
LogDevObjectVersion:   Dev-Editor (E4B068ED-F494-42E9-A231-DA0B2E46BB41): 23
LogDevObjectVersion:   Dev-Framework (CFFC743F-43B0-4480-9391-14DF171D2073): 33
LogDevObjectVersion:   Dev-Mobile (B02B49B5-BB20-44E9-A304-32B752E40360): 2
LogDevObjectVersion:   Dev-Networking (A4E4105C-59A1-49B5-A7C5-40C4547EDFEE): 0
LogDevObjectVersion:   Dev-Online (39C831C9-5AE6-47DC-9A44-9C173E1C8E7C): 0
LogDevObjectVersion:   Dev-Physics (78F01B33-EBEA-4F98-B9B4-84EACCB95AA2): 0
LogDevObjectVersion:   Dev-Platform (6631380F-2D4D-43E0-8009-CF276956A95A): 0
LogDevObjectVersion:   Dev-Rendering (12F88B9F-8875-4AFC-A67C-D90C383ABD29): 25
LogDevObjectVersion:   Dev-Sequencer (7B5AE74C-D270-4C10-A958-57980B212A5A): 6
LogDevObjectVersion:   Dev-VR (D7296918-1DD6-4BDD-9DE2-64A83CC13884): 1
LogDevObjectVersion:   Dev-LoadTimes (C2A15278-BFE7-4AFE-6C17-90FF531DF755): 1
LogDevObjectVersion:   Private-Geometry (6EACA3D4-40EC-4CC1-B786-8BED09428FC5): 2
LogDevObjectVersion:   Dev-AnimPhys (29E575DD-E0A3-4627-9D10-D276232CDCEA): 16
LogDevObjectVersion:   Dev-ReflectionCapture (6B266CEC-1EC7-4B8F-A30B-E4D90942FC07): 1
LogDevObjectVersion:   Dev-Automation (0DF73D61-A23F-47EA-B727-89E90C41499A): 1
LogInit: Compiled (64-bit): Apr 27 2018 02:10:52
LogInit: Compiled with Visual C++: 19.00.24215.01
LogInit: Build Configuration: Development
LogInit: Branch Name: ++UE4+Release-4.19
LogInit: Command Line: 
LogInit: Base Directory: D:/Projects/Unreal/SPH2/Binaries/Win64/
LogInit: Installed Engine Build: 1
LogStreaming: Display: Took  0.000s to delete old logs.
LogInit: Presizing for max 2097152 objects, including 0 objects not considered by GC, pre-allocating 0 bytes for permanent pool.
LogStreaming: Display: Async Loading initialized: Event Driven Loader: true, Async Loading Thread: false
LogInit: Object subsystem initialized
[2018.08.30-14.57.06:658][  0]LogInit: Selected Device Profile: [WindowsNoEditor]
[2018.08.30-14.57.06:658][  0]LogInit: Applying CVar settings loaded from the selected device profile: [WindowsNoEditor]
[2018.08.30-14.57.06:708][  0]LogInit: Computer: DESKTOP-CA5EM89
[2018.08.30-14.57.06:708][  0]LogInit: User: DiegoDidacCampos
[2018.08.30-14.57.06:708][  0]LogInit: CPU Page size=4096, Cores=4
[2018.08.30-14.57.06:708][  0]LogInit: High frequency timer resolution =3.515625 MHz
[2018.08.30-14.57.06:708][  0]LogMemory: Memory total: Physical=12.0GB (12GB approx)
[2018.08.30-14.57.06:708][  0]LogMemory: Platform Memory Stats for WindowsNoEditor
[2018.08.30-14.57.06:708][  0]LogMemory: Process Physical Memory: 96.57 MB used, 96.57 MB peak
[2018.08.30-14.57.06:708][  0]LogMemory: Process Virtual Memory: 108.25 MB used, 108.25 MB peak
[2018.08.30-14.57.06:708][  0]LogMemory: Physical Memory: 8129.79 MB used,  4109.20 MB free, 12238.98 MB total
[2018.08.30-14.57.06:709][  0]LogMemory: Virtual Memory: 4472.02 MB used,  4109.20 MB free, 134217728.00 MB total
[2018.08.30-14.57.06:742][  0]LogInit: Using OS detected language (es-ES).
[2018.08.30-14.57.06:742][  0]LogInit: Using OS detected locale (es-ES).
[2018.08.30-14.57.06:742][  0]LogTextLocalizationManager: No localization for 'es-ES' exists, so 'en' will be used for the language.
[2018.08.30-14.57.06:742][  0]LogTextLocalizationManager: No localization for 'es-ES' exists, so 'en' will be used for the locale.
[2018.08.30-14.57.06:743][  0]LogStreaming: Display: Took  0.008s to EndInitTextLocalization.
[2018.08.30-14.57.06:863][  0]LogSlate: New Slate User Created.  User Index 0, Is Virtual User: 0
[2018.08.30-14.57.06:863][  0]LogSlate: Slate User Registered.  User Index 0, Is Virtual User: 0
[2018.08.30-14.57.06:896][  0]LogD3D11RHI: D3D11 adapters:
[2018.08.30-14.57.06:982][  0]LogD3D11RHI:    0. 'Radeon (TM) RX 480 Graphics' (Feature Level 11_0)
[2018.08.30-14.57.06:982][  0]LogD3D11RHI:       8137/0/6119 MB DedicatedVideo/DedicatedSystem/SharedSystem, Outputs:1, VendorId:0x1002
[2018.08.30-14.57.06:983][  0]LogD3D11RHI:    1. 'Microsoft Basic Render Driver' (Feature Level 11_0)
[2018.08.30-14.57.06:983][  0]LogD3D11RHI:       0/0/6119 MB DedicatedVideo/DedicatedSystem/SharedSystem, Outputs:0, VendorId:0x1414
[2018.08.30-14.57.06:984][  0]LogD3D11RHI: Chosen D3D11 Adapter: 0
[2018.08.30-14.57.06:997][  0]LogD3D11RHI: Creating new Direct3DDevice
[2018.08.30-14.57.06:997][  0]LogD3D11RHI:     GPU DeviceId: 0x67df (for the marketing name, search the web for "GPU Device Id")
[2018.08.30-14.57.06:997][  0]LogWindows: EnumDisplayDevices:
[2018.08.30-14.57.06:998][  0]LogWindows:    0. 'Radeon (TM) RX 480 Graphics' (P:1 D:1)
[2018.08.30-14.57.06:998][  0]LogWindows:    1. 'Radeon (TM) RX 480 Graphics' (P:0 D:0)
[2018.08.30-14.57.06:998][  0]LogWindows:    2. 'Radeon (TM) RX 480 Graphics' (P:0 D:0)
[2018.08.30-14.57.06:999][  0]LogWindows:    3. 'Radeon (TM) RX 480 Graphics' (P:0 D:0)
[2018.08.30-14.57.06:999][  0]LogWindows:    4. 'Radeon (TM) RX 480 Graphics' (P:0 D:0)
[2018.08.30-14.57.06:999][  0]LogWindows:    5. 'Radeon (TM) RX 480 Graphics' (P:0 D:0)
[2018.08.30-14.57.06:999][  0]LogWindows:    6. 'Radeon (TM) RX 480 Graphics' (P:0 D:0)
[2018.08.30-14.57.06:999][  0]LogWindows: DebugString: GetVideoDriverDetailsInvalid PrimaryIsNotTheChoosenAdapter GetVideoDriverDetailsInvalid PrimaryIsNotTheChoosenAdapter GetVideoDriverDetailsInvalid PrimaryIsNotTheChoosenAdapter GetVideoDriverDetailsInvalid PrimaryIsNotTheChoosenAdapter GetVideoDriverDetailsInvalid PrimaryIsNotTheChoosenAdapter GetVideoDriverDetailsInvalid PrimaryIsNotTheChoosenAdapter GetVideoDriverDetailsInvalid PrimaryIsNotTheChoosenAdapter FoundDriverCount:0 
[2018.08.30-14.57.06:999][  0]LogD3D11RHI:     Adapter Name: Radeon (TM) RX 480 Graphics
[2018.08.30-14.57.06:999][  0]LogD3D11RHI:   Driver Version: Unknown (internal:Unknown, unified:Unknown)
[2018.08.30-14.57.06:999][  0]LogD3D11RHI:      Driver Date: Unknown
[2018.08.30-14.57.06:999][  0]LogRHI: Texture pool is 5695 MB (70% of 8137 MB)
[2018.08.30-14.57.07:041][  0]LogD3D11RHI: Async texture creation enabled
[2018.08.30-14.57.07:157][  0]LogD3D11RHI: GPU Timing Frequency: 25.000000 (Debug: 2 1)
[2018.08.30-14.57.07:176][  0]LogShaders: Error: The global shader cache file 'C:/Program Files/Epic Games/UE_4.19/Engine/GlobalShaderCache-PCD3D_SM5.bin' is missing.

Your application is built to load COOKED content. No COOKED content was found; This usually means you did not cook content for this build.
It also may indicate missing cooked data for a shader platform(e.g., OpenGL under Windows): Make sure your platform's packaging settings include this Targeted RHI.

Alternatively build and run the UNCOOKED version instead.
[2018.08.30-15.00.37:891][  0]LogWindowsTextInputMethodSystem: Display: IME system now deactivated.
[2018.08.30-15.00.37:893][  0]LogWindows: FPlatformMisc::RequestExit(0)
[2018.08.30-15.00.37:933][  0]LogInit: Selected Device Profile: [WindowsNoEditor]
[2018.08.30-15.00.38:013][  0]LogSlate: Slate User Destroyed.  User Index 0, Is Virtual User: 0
[2018.08.30-15.00.38:013][  0]LogExit: Preparing to exit.
[2018.08.30-15.00.38:016][  0]LogUObjectArray: 1615 objects as part of root set at end of initial load.
[2018.08.30-15.00.38:016][  0]LogUObjectAllocator: 13024 out of 0 bytes used by permanent object pool.
[2018.08.30-15.00.38:016][  0]LogUObjectArray: CloseDisregardForGC: 0/0 objects in disregard for GC pool
[2018.08.30-15.00.38:027][  0]LogExit: Object subsystem successfully closed.
[2018.08.30-15.00.38:055][  0]LogD3D11RHI: Shutdown
[2018.08.30-15.00.38:055][  0]LogD3D11RHI: CleanupD3DDevice
[2018.08.30-15.00.38:105][  0]LogD3D11RHI: ~FD3D11DynamicRHI
[2018.08.30-15.00.38:107][  0]LogModuleManager: Shutting down and abandoning module InputCore (52)
[2018.08.30-15.00.38:107][  0]LogModuleManager: Shutting down and abandoning module PhysXCooking (50)
[2018.08.30-15.00.38:107][  0]LogModuleManager: Shutting down and abandoning module SteamVR (48)
[2018.08.30-15.00.38:107][  0]LogModuleManager: Shutting down and abandoning module OculusHMD (46)
[2018.08.30-15.00.38:115][  0]LogModuleManager: Shutting down and abandoning module ExampleDeviceProfileSelector (44)
[2018.08.30-15.00.38:116][  0]LogModuleManager: Shutting down and abandoning module AppleARKit (42)
[2018.08.30-15.00.38:116][  0]LogModuleManager: Shutting down and abandoning module AugmentedReality (39)
[2018.08.30-15.00.38:116][  0]LogModuleManager: Shutting down and abandoning module OnlineSubsystem (34)
[2018.08.30-15.00.38:116][  0]LogModuleManager: Shutting down and abandoning module HTTP (33)
[2018.08.30-15.00.38:128][  0]LogModuleManager: Shutting down and abandoning module SSL (32)
[2018.08.30-15.00.38:129][  0]LogModuleManager: Shutting down and abandoning module ShaderCore (28)
[2018.08.30-15.00.38:129][  0]LogModuleManager: Shutting down and abandoning module Landscape (26)
[2018.08.30-15.00.38:129][  0]LogModuleManager: Shutting down and abandoning module SlateRHIRenderer (24)
[2018.08.30-15.00.38:129][  0]LogModuleManager: Shutting down and abandoning module OpenGLDrv (22)
[2018.08.30-15.00.38:129][  0]LogModuleManager: Shutting down and abandoning module D3D11RHI (20)
[2018.08.30-15.00.38:129][  0]LogModuleManager: Shutting down and abandoning module AnimGraphRuntime (18)
[2018.08.30-15.00.38:129][  0]LogModuleManager: Shutting down and abandoning module Renderer (16)
[2018.08.30-15.00.38:130][  0]LogModuleManager: Shutting down and abandoning module Engine (14)
[2018.08.30-15.00.38:130][  0]LogModuleManager: Shutting down and abandoning module CoreUObject (12)
[2018.08.30-15.00.38:130][  0]LogModuleManager: Shutting down and abandoning module NetworkFile (10)
[2018.08.30-15.00.38:130][  0]LogModuleManager: Shutting down and abandoning module CookedIterativeFile (8)
[2018.08.30-15.00.38:130][  0]LogModuleManager: Shutting down and abandoning module StreamingFile (6)
[2018.08.30-15.00.38:130][  0]LogModuleManager: Shutting down and abandoning module SandboxFile (4)
[2018.08.30-15.00.38:130][  0]LogModuleManager: Shutting down and abandoning module PakFile (2)
[2018.08.30-15.00.38:148][  0]LogExit: Exiting.
[2018.08.30-15.00.38:151][  0]Log file closed, 08/30/18 17:00:38
